{"D:\\Projects\\AI_HelpDesk_ChatBot\\controllers\\authController.js": {"path":"D:\\Projects\\AI_HelpDesk_ChatBot\\controllers\\authController.js","statementMap":{"0":{"start":{"line":1,"column":15},"end":{"line":1,"column":34}},"1":{"start":{"line":2,"column":12},"end":{"line":2,"column":35}},"2":{"start":{"line":3,"column":14},"end":{"line":3,"column":40}},"3":{"start":{"line":7,"column":0},"end":{"line":30,"column":2}},"4":{"start":{"line":8,"column":4},"end":{"line":29,"column":5}},"5":{"start":{"line":9,"column":39},"end":{"line":9,"column":47}},"6":{"start":{"line":11,"column":20},"end":{"line":11,"column":53}},"7":{"start":{"line":12,"column":8},"end":{"line":14,"column":9}},"8":{"start":{"line":13,"column":12},"end":{"line":13,"column":77}},"9":{"start":{"line":16,"column":21},"end":{"line":16,"column":45}},"10":{"start":{"line":17,"column":31},"end":{"line":17,"column":64}},"11":{"start":{"line":19,"column":8},"end":{"line":22,"column":11}},"12":{"start":{"line":24,"column":8},"end":{"line":24,"column":27}},"13":{"start":{"line":25,"column":8},"end":{"line":25,"column":72}},"14":{"start":{"line":27,"column":8},"end":{"line":27,"column":35}},"15":{"start":{"line":28,"column":8},"end":{"line":28,"column":45}},"16":{"start":{"line":34,"column":0},"end":{"line":67,"column":2}},"17":{"start":{"line":35,"column":35},"end":{"line":35,"column":43}},"18":{"start":{"line":37,"column":4},"end":{"line":66,"column":5}},"19":{"start":{"line":38,"column":22},"end":{"line":38,"column":55}},"20":{"start":{"line":39,"column":8},"end":{"line":41,"column":9}},"21":{"start":{"line":40,"column":12},"end":{"line":40,"column":76}},"22":{"start":{"line":43,"column":24},"end":{"line":43,"column":70}},"23":{"start":{"line":44,"column":8},"end":{"line":46,"column":9}},"24":{"start":{"line":45,"column":12},"end":{"line":45,"column":76}},"25":{"start":{"line":48,"column":24},"end":{"line":52,"column":9}},"26":{"start":{"line":54,"column":8},"end":{"line":62,"column":10}},"27":{"start":{"line":59,"column":16},"end":{"line":59,"column":35}},"28":{"start":{"line":59,"column":25},"end":{"line":59,"column":35}},"29":{"start":{"line":60,"column":16},"end":{"line":60,"column":36}},"30":{"start":{"line":64,"column":8},"end":{"line":64,"column":35}},"31":{"start":{"line":65,"column":8},"end":{"line":65,"column":45}}},"fnMap":{"0":{"name":"(anonymous_0)","decl":{"start":{"line":7,"column":21},"end":{"line":7,"column":22}},"loc":{"start":{"line":7,"column":41},"end":{"line":30,"column":1}},"line":7},"1":{"name":"(anonymous_1)","decl":{"start":{"line":34,"column":21},"end":{"line":34,"column":22}},"loc":{"start":{"line":34,"column":41},"end":{"line":67,"column":1}},"line":34},"2":{"name":"(anonymous_2)","decl":{"start":{"line":58,"column":12},"end":{"line":58,"column":13}},"loc":{"start":{"line":58,"column":28},"end":{"line":61,"column":13}},"line":58}},"branchMap":{"0":{"loc":{"start":{"line":12,"column":8},"end":{"line":14,"column":9}},"type":"if","locations":[{"start":{"line":12,"column":8},"end":{"line":14,"column":9}},{"start":{},"end":{}}],"line":12},"1":{"loc":{"start":{"line":39,"column":8},"end":{"line":41,"column":9}},"type":"if","locations":[{"start":{"line":39,"column":8},"end":{"line":41,"column":9}},{"start":{},"end":{}}],"line":39},"2":{"loc":{"start":{"line":44,"column":8},"end":{"line":46,"column":9}},"type":"if","locations":[{"start":{"line":44,"column":8},"end":{"line":46,"column":9}},{"start":{},"end":{}}],"line":44},"3":{"loc":{"start":{"line":56,"column":12},"end":{"line":56,"column":64}},"type":"binary-expr","locations":[{"start":{"line":56,"column":12},"end":{"line":56,"column":34}},{"start":{"line":56,"column":38},"end":{"line":56,"column":64}}],"line":56},"4":{"loc":{"start":{"line":59,"column":16},"end":{"line":59,"column":35}},"type":"if","locations":[{"start":{"line":59,"column":16},"end":{"line":59,"column":35}},{"start":{},"end":{}}],"line":59}},"s":{"0":2,"1":2,"2":2,"3":2,"4":4,"5":4,"6":4,"7":3,"8":1,"9":2,"10":2,"11":2,"12":2,"13":2,"14":1,"15":1,"16":2,"17":4,"18":4,"19":4,"20":4,"21":1,"22":3,"23":3,"24":1,"25":2,"26":2,"27":2,"28":0,"29":2,"30":0,"31":0},"f":{"0":4,"1":4,"2":2},"b":{"0":[1,2],"1":[1,3],"2":[1,2],"3":[2,2],"4":[0,2]},"_coverageSchema":"1a1c01bbd47fc00a2c39e90264f33305004495a9","hash":"0dfb2b22ce120ae02c6c0ef09e857181f985ea4e"}
,"D:\\Projects\\AI_HelpDesk_ChatBot\\controllers\\chatController.js": {"path":"D:\\Projects\\AI_HelpDesk_ChatBot\\controllers\\chatController.js","statementMap":{"0":{"start":{"line":1,"column":20},"end":{"line":1,"column":52}},"1":{"start":{"line":2,"column":18},"end":{"line":2,"column":50}},"2":{"start":{"line":7,"column":0},"end":{"line":31,"column":2}},"3":{"start":{"line":8,"column":4},"end":{"line":30,"column":5}},"4":{"start":{"line":9,"column":39},"end":{"line":9,"column":47}},"5":{"start":{"line":11,"column":8},"end":{"line":13,"column":9}},"6":{"start":{"line":12,"column":12},"end":{"line":12,"column":89}},"7":{"start":{"line":16,"column":27},"end":{"line":16,"column":65}},"8":{"start":{"line":19,"column":24},"end":{"line":23,"column":10}},"9":{"start":{"line":24,"column":8},"end":{"line":24,"column":29}},"10":{"start":{"line":26,"column":8},"end":{"line":26,"column":43}},"11":{"start":{"line":28,"column":8},"end":{"line":28,"column":52}},"12":{"start":{"line":29,"column":8},"end":{"line":29,"column":69}}},"fnMap":{"0":{"name":"(anonymous_0)","decl":{"start":{"line":7,"column":21},"end":{"line":7,"column":22}},"loc":{"start":{"line":7,"column":41},"end":{"line":31,"column":1}},"line":7}},"branchMap":{"0":{"loc":{"start":{"line":11,"column":8},"end":{"line":13,"column":9}},"type":"if","locations":[{"start":{"line":11,"column":8},"end":{"line":13,"column":9}},{"start":{},"end":{}}],"line":11},"1":{"loc":{"start":{"line":11,"column":12},"end":{"line":11,"column":34}},"type":"binary-expr","locations":[{"start":{"line":11,"column":12},"end":{"line":11,"column":22}},{"start":{"line":11,"column":26},"end":{"line":11,"column":34}}],"line":11}},"s":{"0":1,"1":1,"2":1,"3":4,"4":4,"5":4,"6":2,"7":2,"8":1,"9":1,"10":1,"11":1,"12":1},"f":{"0":4},"b":{"0":[2,2],"1":[4,3]},"_coverageSchema":"1a1c01bbd47fc00a2c39e90264f33305004495a9","hash":"560af0bf00ad99b6344c8c65f6ddfec8f92ebcd1"}
,"D:\\Projects\\AI_HelpDesk_ChatBot\\controllers\\faqController.js": {"path":"D:\\Projects\\AI_HelpDesk_ChatBot\\controllers\\faqController.js","statementMap":{"0":{"start":{"line":1,"column":12},"end":{"line":1,"column":36}},"1":{"start":{"line":5,"column":0},"end":{"line":13,"column":2}},"2":{"start":{"line":6,"column":4},"end":{"line":12,"column":5}},"3":{"start":{"line":7,"column":21},"end":{"line":7,"column":37}},"4":{"start":{"line":8,"column":8},"end":{"line":8,"column":23}},"5":{"start":{"line":10,"column":8},"end":{"line":10,"column":35}},"6":{"start":{"line":11,"column":8},"end":{"line":11,"column":45}},"7":{"start":{"line":18,"column":0},"end":{"line":34,"column":2}},"8":{"start":{"line":19,"column":4},"end":{"line":33,"column":5}},"9":{"start":{"line":20,"column":47},"end":{"line":20,"column":55}},"10":{"start":{"line":22,"column":23},"end":{"line":26,"column":10}},"11":{"start":{"line":28,"column":20},"end":{"line":28,"column":39}},"12":{"start":{"line":29,"column":8},"end":{"line":29,"column":22}},"13":{"start":{"line":31,"column":8},"end":{"line":31,"column":35}},"14":{"start":{"line":32,"column":8},"end":{"line":32,"column":45}},"15":{"start":{"line":39,"column":0},"end":{"line":63,"column":2}},"16":{"start":{"line":40,"column":4},"end":{"line":62,"column":5}},"17":{"start":{"line":41,"column":47},"end":{"line":41,"column":55}},"18":{"start":{"line":44,"column":26},"end":{"line":44,"column":28}},"19":{"start":{"line":45,"column":8},"end":{"line":45,"column":52}},"20":{"start":{"line":45,"column":22},"end":{"line":45,"column":52}},"21":{"start":{"line":46,"column":8},"end":{"line":46,"column":46}},"22":{"start":{"line":46,"column":20},"end":{"line":46,"column":46}},"23":{"start":{"line":47,"column":8},"end":{"line":47,"column":52}},"24":{"start":{"line":47,"column":22},"end":{"line":47,"column":52}},"25":{"start":{"line":49,"column":18},"end":{"line":49,"column":51}},"26":{"start":{"line":50,"column":8},"end":{"line":50,"column":76}},"27":{"start":{"line":50,"column":18},"end":{"line":50,"column":76}},"28":{"start":{"line":52,"column":8},"end":{"line":56,"column":10}},"29":{"start":{"line":58,"column":8},"end":{"line":58,"column":22}},"30":{"start":{"line":60,"column":8},"end":{"line":60,"column":35}},"31":{"start":{"line":61,"column":8},"end":{"line":61,"column":45}},"32":{"start":{"line":68,"column":0},"end":{"line":79,"column":2}},"33":{"start":{"line":69,"column":4},"end":{"line":78,"column":5}},"34":{"start":{"line":70,"column":18},"end":{"line":70,"column":51}},"35":{"start":{"line":71,"column":8},"end":{"line":71,"column":76}},"36":{"start":{"line":71,"column":18},"end":{"line":71,"column":76}},"37":{"start":{"line":73,"column":8},"end":{"line":73,"column":51}},"38":{"start":{"line":74,"column":8},"end":{"line":74,"column":45}},"39":{"start":{"line":76,"column":8},"end":{"line":76,"column":35}},"40":{"start":{"line":77,"column":8},"end":{"line":77,"column":45}}},"fnMap":{"0":{"name":"(anonymous_0)","decl":{"start":{"line":5,"column":18},"end":{"line":5,"column":19}},"loc":{"start":{"line":5,"column":38},"end":{"line":13,"column":1}},"line":5},"1":{"name":"(anonymous_1)","decl":{"start":{"line":18,"column":17},"end":{"line":18,"column":18}},"loc":{"start":{"line":18,"column":37},"end":{"line":34,"column":1}},"line":18},"2":{"name":"(anonymous_2)","decl":{"start":{"line":39,"column":20},"end":{"line":39,"column":21}},"loc":{"start":{"line":39,"column":40},"end":{"line":63,"column":1}},"line":39},"3":{"name":"(anonymous_3)","decl":{"start":{"line":68,"column":20},"end":{"line":68,"column":21}},"loc":{"start":{"line":68,"column":40},"end":{"line":79,"column":1}},"line":68}},"branchMap":{"0":{"loc":{"start":{"line":45,"column":8},"end":{"line":45,"column":52}},"type":"if","locations":[{"start":{"line":45,"column":8},"end":{"line":45,"column":52}},{"start":{},"end":{}}],"line":45},"1":{"loc":{"start":{"line":46,"column":8},"end":{"line":46,"column":46}},"type":"if","locations":[{"start":{"line":46,"column":8},"end":{"line":46,"column":46}},{"start":{},"end":{}}],"line":46},"2":{"loc":{"start":{"line":47,"column":8},"end":{"line":47,"column":52}},"type":"if","locations":[{"start":{"line":47,"column":8},"end":{"line":47,"column":52}},{"start":{},"end":{}}],"line":47},"3":{"loc":{"start":{"line":50,"column":8},"end":{"line":50,"column":76}},"type":"if","locations":[{"start":{"line":50,"column":8},"end":{"line":50,"column":76}},{"start":{},"end":{}}],"line":50},"4":{"loc":{"start":{"line":71,"column":8},"end":{"line":71,"column":76}},"type":"if","locations":[{"start":{"line":71,"column":8},"end":{"line":71,"column":76}},{"start":{},"end":{}}],"line":71}},"s":{"0":2,"1":2,"2":4,"3":4,"4":4,"5":0,"6":0,"7":2,"8":2,"9":2,"10":2,"11":2,"12":2,"13":0,"14":0,"15":2,"16":3,"17":3,"18":3,"19":3,"20":0,"21":3,"22":2,"23":3,"24":0,"25":3,"26":3,"27":1,"28":2,"29":2,"30":0,"31":0,"32":2,"33":3,"34":3,"35":3,"36":1,"37":2,"38":2,"39":0,"40":0},"f":{"0":4,"1":2,"2":3,"3":3},"b":{"0":[0,3],"1":[2,1],"2":[0,3],"3":[1,2],"4":[1,2]},"_coverageSchema":"1a1c01bbd47fc00a2c39e90264f33305004495a9","hash":"23791afcbb0646f0c1d1562c634e704a276ad45a"}
,"D:\\Projects\\AI_HelpDesk_ChatBot\\models\\Admin.js": {"path":"D:\\Projects\\AI_HelpDesk_ChatBot\\models\\Admin.js","statementMap":{"0":{"start":{"line":1,"column":17},"end":{"line":1,"column":36}},"1":{"start":{"line":3,"column":20},"end":{"line":14,"column":24}},"2":{"start":{"line":16,"column":0},"end":{"line":16,"column":54}}},"fnMap":{},"branchMap":{},"s":{"0":2,"1":2,"2":2},"f":{},"b":{},"_coverageSchema":"1a1c01bbd47fc00a2c39e90264f33305004495a9","hash":"11f24efc6233e8e5f3d2f626ea0f871cacf1a815"}
,"D:\\Projects\\AI_HelpDesk_ChatBot\\models\\ChatHistory.js": {"path":"D:\\Projects\\AI_HelpDesk_ChatBot\\models\\ChatHistory.js","statementMap":{"0":{"start":{"line":1,"column":17},"end":{"line":1,"column":36}},"1":{"start":{"line":3,"column":26},"end":{"line":17,"column":24}},"2":{"start":{"line":19,"column":0},"end":{"line":19,"column":66}}},"fnMap":{},"branchMap":{},"s":{"0":1,"1":1,"2":1},"f":{},"b":{},"_coverageSchema":"1a1c01bbd47fc00a2c39e90264f33305004495a9","hash":"e004f8f7ff4b7796a56e61b7222769a322227795"}
,"D:\\Projects\\AI_HelpDesk_ChatBot\\models\\FAQ.js": {"path":"D:\\Projects\\AI_HelpDesk_ChatBot\\models\\FAQ.js","statementMap":{"0":{"start":{"line":1,"column":17},"end":{"line":1,"column":36}},"1":{"start":{"line":3,"column":18},"end":{"line":17,"column":24}},"2":{"start":{"line":19,"column":0},"end":{"line":19,"column":50}}},"fnMap":{},"branchMap":{},"s":{"0":3,"1":3,"2":3},"f":{},"b":{},"_coverageSchema":"1a1c01bbd47fc00a2c39e90264f33305004495a9","hash":"5229de690879c23eb7fb76d2a1992930c8fb9b1e"}
,"D:\\Projects\\AI_HelpDesk_ChatBot\\services\\aiService.js": {"path":"D:\\Projects\\AI_HelpDesk_ChatBot\\services\\aiService.js","statementMap":{"0":{"start":{"line":1,"column":24},"end":{"line":1,"column":48}},"1":{"start":{"line":2,"column":12},"end":{"line":2,"column":36}},"2":{"start":{"line":4,"column":22},"end":{"line":37,"column":1}},"3":{"start":{"line":5,"column":19},"end":{"line":5,"column":45}},"4":{"start":{"line":6,"column":4},"end":{"line":8,"column":5}},"5":{"start":{"line":7,"column":8},"end":{"line":7,"column":60}},"6":{"start":{"line":10,"column":15},"end":{"line":10,"column":42}},"7":{"start":{"line":13,"column":17},"end":{"line":13,"column":33}},"8":{"start":{"line":14,"column":23},"end":{"line":14,"column":85}},"9":{"start":{"line":14,"column":37},"end":{"line":14,"column":71}},"10":{"start":{"line":17,"column":30},"end":{"line":20,"column":60}},"11":{"start":{"line":22,"column":4},"end":{"line":36,"column":5}},"12":{"start":{"line":23,"column":25},"end":{"line":30,"column":10}},"13":{"start":{"line":32,"column":8},"end":{"line":32,"column":29}},"14":{"start":{"line":34,"column":8},"end":{"line":34,"column":48}},"15":{"start":{"line":35,"column":8},"end":{"line":35,"column":18}},"16":{"start":{"line":39,"column":0},"end":{"line":39,"column":35}}},"fnMap":{"0":{"name":"(anonymous_0)","decl":{"start":{"line":4,"column":22},"end":{"line":4,"column":23}},"loc":{"start":{"line":4,"column":45},"end":{"line":37,"column":1}},"line":4},"1":{"name":"(anonymous_1)","decl":{"start":{"line":14,"column":32},"end":{"line":14,"column":33}},"loc":{"start":{"line":14,"column":37},"end":{"line":14,"column":71}},"line":14}},"branchMap":{"0":{"loc":{"start":{"line":6,"column":4},"end":{"line":8,"column":5}},"type":"if","locations":[{"start":{"line":6,"column":4},"end":{"line":8,"column":5}},{"start":{},"end":{}}],"line":6},"1":{"loc":{"start":{"line":6,"column":8},"end":{"line":6,"column":56}},"type":"binary-expr","locations":[{"start":{"line":6,"column":8},"end":{"line":6,"column":15}},{"start":{"line":6,"column":19},"end":{"line":6,"column":56}}],"line":6},"2":{"loc":{"start":{"line":20,"column":2},"end":{"line":20,"column":58}},"type":"cond-expr","locations":[{"start":{"line":20,"column":15},"end":{"line":20,"column":25}},{"start":{"line":20,"column":28},"end":{"line":20,"column":58}}],"line":20}},"s":{"0":4,"1":4,"2":4,"3":3,"4":3,"5":1,"6":2,"7":2,"8":2,"9":1,"10":2,"11":2,"12":2,"13":1,"14":1,"15":1,"16":4},"f":{"0":3,"1":1},"b":{"0":[1,2],"1":[3,2],"2":[1,1]},"_coverageSchema":"1a1c01bbd47fc00a2c39e90264f33305004495a9","hash":"37c122f5cad59fa7463ceb18c0473d8470034ced"}
}
