TN:
SF:controllers\authController.js
FN:7,(anonymous_0)
FN:34,(anonymous_1)
FN:58,(anonymous_2)
FNF:3
FNH:3
FNDA:4,(anonymous_0)
FNDA:4,(anonymous_1)
FNDA:2,(anonymous_2)
DA:1,2
DA:2,2
DA:3,2
DA:7,2
DA:8,4
DA:9,4
DA:11,4
DA:12,3
DA:13,1
DA:16,2
DA:17,2
DA:19,2
DA:24,2
DA:25,2
DA:27,1
DA:28,1
DA:34,2
DA:35,4
DA:37,4
DA:38,4
DA:39,4
DA:40,1
DA:43,3
DA:44,3
DA:45,1
DA:48,2
DA:54,2
DA:59,2
DA:60,2
DA:64,0
DA:65,0
LF:31
LH:29
BRDA:12,0,0,1
BRDA:12,0,1,2
BRDA:39,1,0,1
BRDA:39,1,1,3
BRDA:44,2,0,1
BRDA:44,2,1,2
BRDA:56,3,0,2
BRDA:56,3,1,2
BRDA:59,4,0,0
BRDA:59,4,1,2
BRF:10
BRH:9
end_of_record
TN:
SF:controllers\chatController.js
FN:7,(anonymous_0)
FNF:1
FNH:1
FNDA:4,(anonymous_0)
DA:1,1
DA:2,1
DA:7,1
DA:8,4
DA:9,4
DA:11,4
DA:12,2
DA:16,2
DA:19,1
DA:24,1
DA:26,1
DA:28,1
DA:29,1
LF:13
LH:13
BRDA:11,0,0,2
BRDA:11,0,1,2
BRDA:11,1,0,4
BRDA:11,1,1,3
BRF:4
BRH:4
end_of_record
TN:
SF:controllers\faqController.js
FN:5,(anonymous_0)
FN:18,(anonymous_1)
FN:39,(anonymous_2)
FN:68,(anonymous_3)
FNF:4
FNH:4
FNDA:4,(anonymous_0)
FNDA:2,(anonymous_1)
FNDA:3,(anonymous_2)
FNDA:3,(anonymous_3)
DA:1,2
DA:5,2
DA:6,4
DA:7,4
DA:8,4
DA:10,0
DA:11,0
DA:18,2
DA:19,2
DA:20,2
DA:22,2
DA:28,2
DA:29,2
DA:31,0
DA:32,0
DA:39,2
DA:40,3
DA:41,3
DA:44,3
DA:45,3
DA:46,3
DA:47,3
DA:49,3
DA:50,3
DA:52,2
DA:58,2
DA:60,0
DA:61,0
DA:68,2
DA:69,3
DA:70,3
DA:71,3
DA:73,2
DA:74,2
DA:76,0
DA:77,0
LF:36
LH:28
BRDA:45,0,0,0
BRDA:45,0,1,3
BRDA:46,1,0,2
BRDA:46,1,1,1
BRDA:47,2,0,0
BRDA:47,2,1,3
BRDA:50,3,0,1
BRDA:50,3,1,2
BRDA:71,4,0,1
BRDA:71,4,1,2
BRF:10
BRH:8
end_of_record
TN:
SF:models\Admin.js
FNF:0
FNH:0
DA:1,2
DA:3,2
DA:16,2
LF:3
LH:3
BRF:0
BRH:0
end_of_record
TN:
SF:models\ChatHistory.js
FNF:0
FNH:0
DA:1,1
DA:3,1
DA:19,1
LF:3
LH:3
BRF:0
BRH:0
end_of_record
TN:
SF:models\FAQ.js
FNF:0
FNH:0
DA:1,3
DA:3,3
DA:19,3
LF:3
LH:3
BRF:0
BRH:0
end_of_record
TN:
SF:services\aiService.js
FN:4,(anonymous_0)
FN:14,(anonymous_1)
FNF:2
FNH:2
FNDA:3,(anonymous_0)
FNDA:1,(anonymous_1)
DA:1,4
DA:2,4
DA:4,4
DA:5,3
DA:6,3
DA:7,1
DA:10,2
DA:13,2
DA:14,2
DA:17,2
DA:22,2
DA:23,2
DA:32,1
DA:34,1
DA:35,1
DA:39,4
LF:16
LH:16
BRDA:6,0,0,1
BRDA:6,0,1,2
BRDA:6,1,0,3
BRDA:6,1,1,2
BRDA:20,2,0,1
BRDA:20,2,1,1
BRF:6
BRH:6
end_of_record
